{"C:\\Users\\omar\\Projects\\missionreadyhq\\Mission1\\API1\\car-value.ts": {"path":"C:\\Users\\omar\\Projects\\missionreadyhq\\Mission1\\API1\\car-value.ts","statementMap":{"0":{"start":{"line":6,"column":18},"end":{"line":9,"column":1}},"1":{"start":{"line":7,"column":4},"end":{"line":8,"column":21}},"2":{"start":{"line":7,"column":66},"end":{"line":7,"column":92}},"3":{"start":{"line":12,"column":23},"end":{"line":17,"column":1}},"4":{"start":{"line":13,"column":4},"end":{"line":13,"column":34}},"5":{"start":{"line":14,"column":24},"end":{"line":14,"column":47}},"6":{"start":{"line":15,"column":4},"end":{"line":15,"column":null}},"7":{"start":{"line":15,"column":41},"end":{"line":15,"column":60}},"8":{"start":{"line":16,"column":4},"end":{"line":16,"column":13}},"9":{"start":{"line":19,"column":0},"end":{"line":19,"column":24}}},"fnMap":{"0":{"name":"(anonymous_0)","decl":{"start":{"line":6,"column":18},"end":{"line":6,"column":19}},"loc":{"start":{"line":6,"column":36},"end":{"line":9,"column":1}}},"1":{"name":"(anonymous_1)","decl":{"start":{"line":7,"column":51},"end":{"line":7,"column":52}},"loc":{"start":{"line":7,"column":66},"end":{"line":7,"column":92}}},"2":{"name":"(anonymous_2)","decl":{"start":{"line":12,"column":23},"end":{"line":12,"column":24}},"loc":{"start":{"line":12,"column":42},"end":{"line":17,"column":1}}}},"branchMap":{"0":{"loc":{"start":{"line":15,"column":4},"end":{"line":15,"column":null}},"type":"if","locations":[{"start":{"line":15,"column":4},"end":{"line":15,"column":null}}]},"1":{"loc":{"start":{"line":15,"column":7},"end":{"line":15,"column":38}},"type":"binary-expr","locations":[{"start":{"line":15,"column":7},"end":{"line":15,"column":20}},{"start":{"line":15,"column":24},"end":{"line":15,"column":38}}]}},"s":{"0":1,"1":1,"2":5,"3":1,"4":5,"5":5,"6":5,"7":5,"8":0,"9":1},"f":{"0":1,"1":5,"2":5},"b":{"0":[5],"1":[5,5]}}
,"C:\\Users\\omar\\Projects\\missionreadyhq\\Mission1\\API1\\claims-to-risk.ts": {"path":"C:\\Users\\omar\\Projects\\missionreadyhq\\Mission1\\API1\\claims-to-risk.ts","statementMap":{"0":{"start":{"line":3,"column":20},"end":{"line":14,"column":1}},"1":{"start":{"line":5,"column":27},"end":{"line":5,"column":65}},"2":{"start":{"line":6,"column":25},"end":{"line":6,"column":79}},"3":{"start":{"line":7,"column":23},"end":{"line":7,"column":75}},"4":{"start":{"line":8,"column":25},"end":{"line":8,"column":79}},"5":{"start":{"line":9,"column":22},"end":{"line":9,"column":73}},"6":{"start":{"line":10,"column":23},"end":{"line":10,"column":75}},"7":{"start":{"line":11,"column":22},"end":{"line":11,"column":87}},"8":{"start":{"line":13,"column":4},"end":{"line":13,"column":36}},"9":{"start":{"line":16,"column":0},"end":{"line":16,"column":27}}},"fnMap":{"0":{"name":"(anonymous_0)","decl":{"start":{"line":3,"column":20},"end":{"line":3,"column":21}},"loc":{"start":{"line":3,"column":45},"end":{"line":14,"column":1}}}},"branchMap":{},"s":{"0":1,"1":1,"2":1,"3":1,"4":1,"5":1,"6":1,"7":1,"8":1,"9":1},"f":{"0":1},"b":{}}
,"C:\\Users\\omar\\Projects\\missionreadyhq\\Mission1\\API1\\index.ts": {"path":"C:\\Users\\omar\\Projects\\missionreadyhq\\Mission1\\API1\\index.ts","statementMap":{"0":{"start":{"line":1,"column":0},"end":{"line":1,"column":62}},"1":{"start":{"line":2,"column":0},"end":{"line":2,"column":28}},"2":{"start":{"line":3,"column":0},"end":{"line":3,"column":35}},"3":{"start":{"line":4,"column":0},"end":{"line":4,"column":43}},"4":{"start":{"line":6,"column":0},"end":{"line":6,"column":16}},"5":{"start":{"line":8,"column":24},"end":{"line":8,"column":33}},"6":{"start":{"line":9,"column":0},"end":{"line":9,"column":27}},"7":{"start":{"line":10,"column":13},"end":{"line":10,"column":29}},"8":{"start":{"line":12,"column":0},"end":{"line":14,"column":3}},"9":{"start":{"line":13,"column":4},"end":{"line":13,"column":38}},"10":{"start":{"line":16,"column":0},"end":{"line":18,"column":3}},"11":{"start":{"line":17,"column":4},"end":{"line":17,"column":33}},"12":{"start":{"line":20,"column":0},"end":{"line":22,"column":3}},"13":{"start":{"line":21,"column":4},"end":{"line":21,"column":36}},"14":{"start":{"line":24,"column":0},"end":{"line":27,"column":null}},"15":{"start":{"line":25,"column":4},"end":{"line":27,"column":7}},"16":{"start":{"line":26,"column":8},"end":{"line":26,"column":79}},"17":{"start":{"line":31,"column":0},"end":{"line":31,"column":22}}},"fnMap":{"0":{"name":"(anonymous_1)","decl":{"start":{"line":12,"column":16},"end":{"line":12,"column":17}},"loc":{"start":{"line":12,"column":48},"end":{"line":14,"column":1}}},"1":{"name":"(anonymous_2)","decl":{"start":{"line":16,"column":22},"end":{"line":16,"column":23}},"loc":{"start":{"line":16,"column":54},"end":{"line":18,"column":1}}},"2":{"name":"(anonymous_3)","decl":{"start":{"line":20,"column":21},"end":{"line":20,"column":22}},"loc":{"start":{"line":20,"column":53},"end":{"line":22,"column":1}}},"3":{"name":"(anonymous_4)","decl":{"start":{"line":25,"column":24},"end":{"line":25,"column":27}},"loc":{"start":{"line":25,"column":29},"end":{"line":27,"column":5}}}},"branchMap":{"0":{"loc":{"start":{"line":24,"column":0},"end":{"line":27,"column":null}},"type":"if","locations":[{"start":{"line":24,"column":0},"end":{"line":27,"column":null}}]}},"s":{"0":1,"1":1,"2":1,"3":1,"4":1,"5":1,"6":1,"7":1,"8":1,"9":1,"10":1,"11":1,"12":1,"13":1,"14":1,"15":0,"16":0,"17":1},"f":{"0":1,"1":1,"2":1,"3":0},"b":{"0":[0]}}
,"C:\\Users\\omar\\Projects\\missionreadyhq\\Mission1\\API1\\dist\\car-value.js": {"path":"C:\\Users\\omar\\Projects\\missionreadyhq\\Mission1\\API1\\dist\\car-value.js","statementMap":{"0":{"start":{"line":2,"column":0},"end":{"line":2,"column":62}},"1":{"start":{"line":3,"column":17},"end":{"line":6,"column":1}},"2":{"start":{"line":4,"column":4},"end":{"line":5,"column":31}},"3":{"start":{"line":4,"column":66},"end":{"line":4,"column":92}},"4":{"start":{"line":8,"column":23},"end":{"line":15,"column":1}},"5":{"start":{"line":9,"column":4},"end":{"line":9,"column":34}},"6":{"start":{"line":10,"column":24},"end":{"line":10,"column":49}},"7":{"start":{"line":11,"column":4},"end":{"line":13,"column":5}},"8":{"start":{"line":12,"column":8},"end":{"line":12,"column":27}},"9":{"start":{"line":14,"column":4},"end":{"line":14,"column":13}},"10":{"start":{"line":16,"column":0},"end":{"line":16,"column":27}}},"fnMap":{"0":{"name":"(anonymous_0)","decl":{"start":{"line":3,"column":17},"end":{"line":3,"column":18}},"loc":{"start":{"line":3,"column":26},"end":{"line":6,"column":1}},"line":3},"1":{"name":"(anonymous_1)","decl":{"start":{"line":4,"column":51},"end":{"line":4,"column":52}},"loc":{"start":{"line":4,"column":66},"end":{"line":4,"column":92}},"line":4},"2":{"name":"(anonymous_2)","decl":{"start":{"line":8,"column":23},"end":{"line":8,"column":24}},"loc":{"start":{"line":8,"column":35},"end":{"line":15,"column":1}},"line":8}},"branchMap":{"0":{"loc":{"start":{"line":11,"column":4},"end":{"line":13,"column":5}},"type":"if","locations":[{"start":{"line":11,"column":4},"end":{"line":13,"column":5}},{"start":{},"end":{}}],"line":11},"1":{"loc":{"start":{"line":11,"column":8},"end":{"line":11,"column":43}},"type":"binary-expr","locations":[{"start":{"line":11,"column":8},"end":{"line":11,"column":23}},{"start":{"line":11,"column":27},"end":{"line":11,"column":43}}],"line":11}},"s":{"0":1,"1":1,"2":1,"3":5,"4":1,"5":5,"6":5,"7":5,"8":5,"9":0,"10":1},"f":{"0":1,"1":5,"2":5},"b":{"0":[5,0],"1":[5,5]},"inputSourceMap":null,"_coverageSchema":"1a1c01bbd47fc00a2c39e90264f33305004495a9","hash":"6dd8551ac75e73e73077e2edab2f2de852888867"}
,"C:\\Users\\omar\\Projects\\missionreadyhq\\Mission1\\API1\\dist\\claims-to-risk.js": {"path":"C:\\Users\\omar\\Projects\\missionreadyhq\\Mission1\\API1\\dist\\claims-to-risk.js","statementMap":{"0":{"start":{"line":2,"column":0},"end":{"line":2,"column":62}},"1":{"start":{"line":3,"column":20},"end":{"line":13,"column":1}},"2":{"start":{"line":5,"column":27},"end":{"line":5,"column":65}},"3":{"start":{"line":6,"column":25},"end":{"line":6,"column":81}},"4":{"start":{"line":7,"column":23},"end":{"line":7,"column":77}},"5":{"start":{"line":8,"column":25},"end":{"line":8,"column":81}},"6":{"start":{"line":9,"column":22},"end":{"line":9,"column":75}},"7":{"start":{"line":10,"column":23},"end":{"line":10,"column":77}},"8":{"start":{"line":11,"column":22},"end":{"line":11,"column":87}},"9":{"start":{"line":12,"column":4},"end":{"line":12,"column":38}},"10":{"start":{"line":14,"column":0},"end":{"line":14,"column":30}}},"fnMap":{"0":{"name":"(anonymous_0)","decl":{"start":{"line":3,"column":20},"end":{"line":3,"column":21}},"loc":{"start":{"line":3,"column":38},"end":{"line":13,"column":1}},"line":3}},"branchMap":{},"s":{"0":1,"1":1,"2":1,"3":1,"4":1,"5":1,"6":1,"7":1,"8":1,"9":1,"10":1},"f":{"0":1},"b":{},"inputSourceMap":null,"_coverageSchema":"1a1c01bbd47fc00a2c39e90264f33305004495a9","hash":"4e6d1763abd91091d24f472f83a1f8a66866ae0e"}
,"C:\\Users\\omar\\Projects\\missionreadyhq\\Mission1\\API1\\dist\\index.js": {"path":"C:\\Users\\omar\\Projects\\missionreadyhq\\Mission1\\API1\\dist\\index.js","statementMap":{"0":{"start":{"line":2,"column":22},"end":{"line":4,"column":1}},"1":{"start":{"line":3,"column":4},"end":{"line":3,"column":62}},"2":{"start":{"line":5,"column":0},"end":{"line":5,"column":62}},"3":{"start":{"line":6,"column":18},"end":{"line":6,"column":53}},"4":{"start":{"line":7,"column":17},"end":{"line":7,"column":51}},"5":{"start":{"line":8,"column":20},"end":{"line":8,"column":59}},"6":{"start":{"line":9,"column":25},"end":{"line":9,"column":69}},"7":{"start":{"line":10,"column":0},"end":{"line":10,"column":26}},"8":{"start":{"line":11,"column":15},"end":{"line":11,"column":39}},"9":{"start":{"line":12,"column":0},"end":{"line":12,"column":37}},"10":{"start":{"line":13,"column":13},"end":{"line":13,"column":29}},"11":{"start":{"line":14,"column":0},"end":{"line":16,"column":3}},"12":{"start":{"line":15,"column":4},"end":{"line":15,"column":38}},"13":{"start":{"line":17,"column":0},"end":{"line":19,"column":3}},"14":{"start":{"line":18,"column":4},"end":{"line":18,"column":49}},"15":{"start":{"line":20,"column":0},"end":{"line":22,"column":3}},"16":{"start":{"line":21,"column":4},"end":{"line":21,"column":54}},"17":{"start":{"line":23,"column":0},"end":{"line":27,"column":1}},"18":{"start":{"line":24,"column":4},"end":{"line":26,"column":7}},"19":{"start":{"line":25,"column":8},"end":{"line":25,"column":79}},"20":{"start":{"line":28,"column":0},"end":{"line":28,"column":25}}},"fnMap":{"0":{"name":"(anonymous_0)","decl":{"start":{"line":2,"column":56},"end":{"line":2,"column":57}},"loc":{"start":{"line":2,"column":71},"end":{"line":4,"column":1}},"line":2},"1":{"name":"(anonymous_1)","decl":{"start":{"line":14,"column":16},"end":{"line":14,"column":17}},"loc":{"start":{"line":14,"column":30},"end":{"line":16,"column":1}},"line":14},"2":{"name":"(anonymous_2)","decl":{"start":{"line":17,"column":22},"end":{"line":17,"column":23}},"loc":{"start":{"line":17,"column":36},"end":{"line":19,"column":1}},"line":17},"3":{"name":"(anonymous_3)","decl":{"start":{"line":20,"column":21},"end":{"line":20,"column":22}},"loc":{"start":{"line":20,"column":35},"end":{"line":22,"column":1}},"line":20},"4":{"name":"(anonymous_4)","decl":{"start":{"line":24,"column":24},"end":{"line":24,"column":25}},"loc":{"start":{"line":24,"column":30},"end":{"line":26,"column":5}},"line":24}},"branchMap":{"0":{"loc":{"start":{"line":2,"column":22},"end":{"line":4,"column":1}},"type":"binary-expr","locations":[{"start":{"line":2,"column":23},"end":{"line":2,"column":27}},{"start":{"line":2,"column":31},"end":{"line":2,"column":51}},{"start":{"line":2,"column":56},"end":{"line":4,"column":1}}],"line":2},"1":{"loc":{"start":{"line":3,"column":11},"end":{"line":3,"column":61}},"type":"cond-expr","locations":[{"start":{"line":3,"column":37},"end":{"line":3,"column":40}},{"start":{"line":3,"column":43},"end":{"line":3,"column":61}}],"line":3},"2":{"loc":{"start":{"line":3,"column":12},"end":{"line":3,"column":33}},"type":"binary-expr","locations":[{"start":{"line":3,"column":12},"end":{"line":3,"column":15}},{"start":{"line":3,"column":19},"end":{"line":3,"column":33}}],"line":3},"3":{"loc":{"start":{"line":23,"column":0},"end":{"line":27,"column":1}},"type":"if","locations":[{"start":{"line":23,"column":0},"end":{"line":27,"column":1}},{"start":{},"end":{}}],"line":23}},"s":{"0":1,"1":4,"2":1,"3":1,"4":1,"5":1,"6":1,"7":1,"8":1,"9":1,"10":1,"11":1,"12":1,"13":1,"14":1,"15":1,"16":1,"17":1,"18":0,"19":0,"20":1},"f":{"0":4,"1":1,"2":1,"3":1,"4":0},"b":{"0":[1,1,1],"1":[2,2],"2":[4,4],"3":[0,1]},"inputSourceMap":null,"_coverageSchema":"1a1c01bbd47fc00a2c39e90264f33305004495a9","hash":"ca70111d4b28a68d15facfc357b46089aa6af61d"}
}
