{"C:\\Users\\omar\\Projects\\missionreadyhq\\Mission1\\API1\\car-value.ts": {"path":"C:\\Users\\omar\\Projects\\missionreadyhq\\Mission1\\API1\\car-value.ts","statementMap":{"0":{"start":{"line":6,"column":18},"end":{"line":17,"column":1}},"1":{"start":{"line":7,"column":5},"end":{"line":16,"column":null}},"2":{"start":{"line":7,"column":22},"end":{"line":7,"column":64}},"3":{"start":{"line":9,"column":30},"end":{"line":13,"column":null}},"4":{"start":{"line":10,"column":31},"end":{"line":10,"column":67}},"5":{"start":{"line":12,"column":28},"end":{"line":12,"column":81}},"6":{"start":{"line":15,"column":8},"end":{"line":15,"column":59}},"7":{"start":{"line":19,"column":0},"end":{"line":19,"column":24}}},"fnMap":{"0":{"name":"(anonymous_0)","decl":{"start":{"line":6,"column":18},"end":{"line":6,"column":19}},"loc":{"start":{"line":6,"column":36},"end":{"line":17,"column":1}}},"1":{"name":"(anonymous_1)","decl":{"start":{"line":10,"column":16},"end":{"line":10,"column":17}},"loc":{"start":{"line":10,"column":31},"end":{"line":10,"column":67}}},"2":{"name":"(anonymous_2)","decl":{"start":{"line":12,"column":8},"end":{"line":12,"column":9}},"loc":{"start":{"line":12,"column":28},"end":{"line":12,"column":81}}}},"branchMap":{"0":{"loc":{"start":{"line":7,"column":5},"end":{"line":16,"column":null}},"type":"if","locations":[{"start":{"line":7,"column":5},"end":{"line":16,"column":null}},{"start":{"line":8,"column":9},"end":{"line":16,"column":null}}]},"1":{"loc":{"start":{"line":10,"column":31},"end":{"line":10,"column":67}},"type":"binary-expr","locations":[{"start":{"line":10,"column":31},"end":{"line":10,"column":47}},{"start":{"line":10,"column":51},"end":{"line":10,"column":67}}]}},"s":{"0":1,"1":3,"2":1,"3":2,"4":13,"5":10,"6":2,"7":1},"f":{"0":3,"1":13,"2":10},"b":{"0":[1,2],"1":[13,10]}}
,"C:\\Users\\omar\\Projects\\missionreadyhq\\Mission1\\API1\\claims-to-risk.ts": {"path":"C:\\Users\\omar\\Projects\\missionreadyhq\\Mission1\\API1\\claims-to-risk.ts","statementMap":{"0":{"start":{"line":3,"column":20},"end":{"line":21,"column":1}},"1":{"start":{"line":4,"column":2},"end":{"line":6,"column":null}},"2":{"start":{"line":5,"column":4},"end":{"line":5,"column":51}},"3":{"start":{"line":8,"column":2},"end":{"line":10,"column":null}},"4":{"start":{"line":9,"column":4},"end":{"line":9,"column":45}},"5":{"start":{"line":12,"column":27},"end":{"line":12,"column":65}},"6":{"start":{"line":13,"column":25},"end":{"line":13,"column":81}},"7":{"start":{"line":14,"column":23},"end":{"line":14,"column":77}},"8":{"start":{"line":15,"column":25},"end":{"line":15,"column":81}},"9":{"start":{"line":16,"column":22},"end":{"line":16,"column":75}},"10":{"start":{"line":17,"column":23},"end":{"line":17,"column":77}},"11":{"start":{"line":18,"column":22},"end":{"line":18,"column":87}},"12":{"start":{"line":20,"column":4},"end":{"line":20,"column":38}},"13":{"start":{"line":23,"column":0},"end":{"line":23,"column":27}}},"fnMap":{"0":{"name":"(anonymous_0)","decl":{"start":{"line":3,"column":20},"end":{"line":3,"column":21}},"loc":{"start":{"line":3,"column":45},"end":{"line":21,"column":1}}}},"branchMap":{"0":{"loc":{"start":{"line":4,"column":2},"end":{"line":6,"column":null}},"type":"if","locations":[{"start":{"line":4,"column":2},"end":{"line":6,"column":null}}]},"1":{"loc":{"start":{"line":4,"column":6},"end":{"line":4,"column":77}},"type":"binary-expr","locations":[{"start":{"line":4,"column":6},"end":{"line":4,"column":39}},{"start":{"line":4,"column":43},"end":{"line":4,"column":77}}]},"2":{"loc":{"start":{"line":8,"column":2},"end":{"line":10,"column":null}},"type":"if","locations":[{"start":{"line":8,"column":2},"end":{"line":10,"column":null}}]}},"s":{"0":1,"1":5,"2":1,"3":4,"4":1,"5":3,"6":3,"7":3,"8":3,"9":3,"10":3,"11":3,"12":3,"13":1},"f":{"0":5},"b":{"0":[1],"1":[5,4],"2":[1]}}
,"C:\\Users\\omar\\Projects\\missionreadyhq\\Mission1\\API1\\index.ts": {"path":"C:\\Users\\omar\\Projects\\missionreadyhq\\Mission1\\API1\\index.ts","statementMap":{"0":{"start":{"line":1,"column":0},"end":{"line":1,"column":62}},"1":{"start":{"line":2,"column":0},"end":{"line":2,"column":28}},"2":{"start":{"line":3,"column":0},"end":{"line":3,"column":35}},"3":{"start":{"line":4,"column":0},"end":{"line":4,"column":43}},"4":{"start":{"line":6,"column":0},"end":{"line":6,"column":16}},"5":{"start":{"line":8,"column":24},"end":{"line":8,"column":33}},"6":{"start":{"line":9,"column":0},"end":{"line":9,"column":27}},"7":{"start":{"line":10,"column":13},"end":{"line":10,"column":29}},"8":{"start":{"line":12,"column":0},"end":{"line":14,"column":3}},"9":{"start":{"line":13,"column":4},"end":{"line":13,"column":38}},"10":{"start":{"line":16,"column":0},"end":{"line":18,"column":3}},"11":{"start":{"line":17,"column":4},"end":{"line":17,"column":33}},"12":{"start":{"line":20,"column":0},"end":{"line":22,"column":3}},"13":{"start":{"line":21,"column":4},"end":{"line":21,"column":36}},"14":{"start":{"line":24,"column":0},"end":{"line":27,"column":null}},"15":{"start":{"line":25,"column":4},"end":{"line":27,"column":7}},"16":{"start":{"line":26,"column":8},"end":{"line":26,"column":79}},"17":{"start":{"line":31,"column":0},"end":{"line":31,"column":22}}},"fnMap":{"0":{"name":"(anonymous_1)","decl":{"start":{"line":12,"column":16},"end":{"line":12,"column":17}},"loc":{"start":{"line":12,"column":48},"end":{"line":14,"column":1}}},"1":{"name":"(anonymous_2)","decl":{"start":{"line":16,"column":22},"end":{"line":16,"column":23}},"loc":{"start":{"line":16,"column":54},"end":{"line":18,"column":1}}},"2":{"name":"(anonymous_3)","decl":{"start":{"line":20,"column":21},"end":{"line":20,"column":22}},"loc":{"start":{"line":20,"column":53},"end":{"line":22,"column":1}}},"3":{"name":"(anonymous_4)","decl":{"start":{"line":25,"column":24},"end":{"line":25,"column":27}},"loc":{"start":{"line":25,"column":29},"end":{"line":27,"column":5}}}},"branchMap":{"0":{"loc":{"start":{"line":24,"column":0},"end":{"line":27,"column":null}},"type":"if","locations":[{"start":{"line":24,"column":0},"end":{"line":27,"column":null}}]}},"s":{"0":1,"1":1,"2":1,"3":1,"4":1,"5":1,"6":1,"7":1,"8":1,"9":1,"10":1,"11":3,"12":1,"13":5,"14":1,"15":0,"16":0,"17":1},"f":{"0":1,"1":3,"2":5,"3":0},"b":{"0":[0]}}
,"C:\\Users\\omar\\Projects\\missionreadyhq\\Mission1\\API1\\dist\\car-value.js": {"path":"C:\\Users\\omar\\Projects\\missionreadyhq\\Mission1\\API1\\dist\\car-value.js","statementMap":{"0":{"start":{"line":2,"column":0},"end":{"line":2,"column":62}},"1":{"start":{"line":3,"column":17},"end":{"line":13,"column":1}},"2":{"start":{"line":4,"column":4},"end":{"line":12,"column":5}},"3":{"start":{"line":5,"column":8},"end":{"line":5,"column":52}},"4":{"start":{"line":8,"column":30},"end":{"line":10,"column":97}},"5":{"start":{"line":9,"column":35},"end":{"line":9,"column":71}},"6":{"start":{"line":10,"column":40},"end":{"line":10,"column":93}},"7":{"start":{"line":11,"column":8},"end":{"line":11,"column":61}},"8":{"start":{"line":14,"column":0},"end":{"line":14,"column":27}}},"fnMap":{"0":{"name":"(anonymous_0)","decl":{"start":{"line":3,"column":17},"end":{"line":3,"column":18}},"loc":{"start":{"line":3,"column":26},"end":{"line":13,"column":1}},"line":3},"1":{"name":"(anonymous_1)","decl":{"start":{"line":9,"column":20},"end":{"line":9,"column":21}},"loc":{"start":{"line":9,"column":35},"end":{"line":9,"column":71}},"line":9},"2":{"name":"(anonymous_2)","decl":{"start":{"line":10,"column":20},"end":{"line":10,"column":21}},"loc":{"start":{"line":10,"column":40},"end":{"line":10,"column":93}},"line":10}},"branchMap":{"0":{"loc":{"start":{"line":4,"column":4},"end":{"line":12,"column":5}},"type":"if","locations":[{"start":{"line":4,"column":4},"end":{"line":12,"column":5}},{"start":{"line":7,"column":9},"end":{"line":12,"column":5}}],"line":4},"1":{"loc":{"start":{"line":9,"column":35},"end":{"line":9,"column":71}},"type":"binary-expr","locations":[{"start":{"line":9,"column":35},"end":{"line":9,"column":51}},{"start":{"line":9,"column":55},"end":{"line":9,"column":71}}],"line":9}},"s":{"0":1,"1":1,"2":3,"3":1,"4":2,"5":13,"6":10,"7":2,"8":1},"f":{"0":3,"1":13,"2":10},"b":{"0":[1,2],"1":[13,10]},"inputSourceMap":null,"_coverageSchema":"1a1c01bbd47fc00a2c39e90264f33305004495a9","hash":"dd463d874d85dfbd4109ba8ac3ab3c2c0a4143ab"}
,"C:\\Users\\omar\\Projects\\missionreadyhq\\Mission1\\API1\\dist\\claims-to-risk.js": {"path":"C:\\Users\\omar\\Projects\\missionreadyhq\\Mission1\\API1\\dist\\claims-to-risk.js","statementMap":{"0":{"start":{"line":2,"column":0},"end":{"line":2,"column":62}},"1":{"start":{"line":3,"column":20},"end":{"line":19,"column":1}},"2":{"start":{"line":4,"column":4},"end":{"line":6,"column":5}},"3":{"start":{"line":5,"column":8},"end":{"line":5,"column":55}},"4":{"start":{"line":7,"column":4},"end":{"line":9,"column":5}},"5":{"start":{"line":8,"column":8},"end":{"line":8,"column":49}},"6":{"start":{"line":11,"column":27},"end":{"line":11,"column":65}},"7":{"start":{"line":12,"column":25},"end":{"line":12,"column":81}},"8":{"start":{"line":13,"column":23},"end":{"line":13,"column":77}},"9":{"start":{"line":14,"column":25},"end":{"line":14,"column":81}},"10":{"start":{"line":15,"column":22},"end":{"line":15,"column":75}},"11":{"start":{"line":16,"column":23},"end":{"line":16,"column":77}},"12":{"start":{"line":17,"column":22},"end":{"line":17,"column":87}},"13":{"start":{"line":18,"column":4},"end":{"line":18,"column":38}},"14":{"start":{"line":20,"column":0},"end":{"line":20,"column":30}}},"fnMap":{"0":{"name":"(anonymous_0)","decl":{"start":{"line":3,"column":20},"end":{"line":3,"column":21}},"loc":{"start":{"line":3,"column":38},"end":{"line":19,"column":1}},"line":3}},"branchMap":{"0":{"loc":{"start":{"line":4,"column":4},"end":{"line":6,"column":5}},"type":"if","locations":[{"start":{"line":4,"column":4},"end":{"line":6,"column":5}},{"start":{},"end":{}}],"line":4},"1":{"loc":{"start":{"line":4,"column":8},"end":{"line":4,"column":79}},"type":"binary-expr","locations":[{"start":{"line":4,"column":8},"end":{"line":4,"column":41}},{"start":{"line":4,"column":45},"end":{"line":4,"column":79}}],"line":4},"2":{"loc":{"start":{"line":7,"column":4},"end":{"line":9,"column":5}},"type":"if","locations":[{"start":{"line":7,"column":4},"end":{"line":9,"column":5}},{"start":{},"end":{}}],"line":7}},"s":{"0":1,"1":1,"2":5,"3":1,"4":4,"5":1,"6":3,"7":3,"8":3,"9":3,"10":3,"11":3,"12":3,"13":3,"14":1},"f":{"0":5},"b":{"0":[1,4],"1":[5,4],"2":[1,3]},"inputSourceMap":null,"_coverageSchema":"1a1c01bbd47fc00a2c39e90264f33305004495a9","hash":"f7c637de1f14fa7eb9fb51c9d556f7a8a39c7de8"}
,"C:\\Users\\omar\\Projects\\missionreadyhq\\Mission1\\API1\\dist\\index.js": {"path":"C:\\Users\\omar\\Projects\\missionreadyhq\\Mission1\\API1\\dist\\index.js","statementMap":{"0":{"start":{"line":2,"column":22},"end":{"line":4,"column":1}},"1":{"start":{"line":3,"column":4},"end":{"line":3,"column":62}},"2":{"start":{"line":5,"column":0},"end":{"line":5,"column":62}},"3":{"start":{"line":6,"column":18},"end":{"line":6,"column":53}},"4":{"start":{"line":7,"column":17},"end":{"line":7,"column":51}},"5":{"start":{"line":8,"column":20},"end":{"line":8,"column":59}},"6":{"start":{"line":9,"column":25},"end":{"line":9,"column":69}},"7":{"start":{"line":10,"column":0},"end":{"line":10,"column":26}},"8":{"start":{"line":11,"column":15},"end":{"line":11,"column":39}},"9":{"start":{"line":12,"column":0},"end":{"line":12,"column":37}},"10":{"start":{"line":13,"column":13},"end":{"line":13,"column":29}},"11":{"start":{"line":14,"column":0},"end":{"line":16,"column":3}},"12":{"start":{"line":15,"column":4},"end":{"line":15,"column":38}},"13":{"start":{"line":17,"column":0},"end":{"line":19,"column":3}},"14":{"start":{"line":18,"column":4},"end":{"line":18,"column":49}},"15":{"start":{"line":20,"column":0},"end":{"line":22,"column":3}},"16":{"start":{"line":21,"column":4},"end":{"line":21,"column":54}},"17":{"start":{"line":23,"column":0},"end":{"line":27,"column":1}},"18":{"start":{"line":24,"column":4},"end":{"line":26,"column":7}},"19":{"start":{"line":25,"column":8},"end":{"line":25,"column":79}},"20":{"start":{"line":28,"column":0},"end":{"line":28,"column":25}}},"fnMap":{"0":{"name":"(anonymous_0)","decl":{"start":{"line":2,"column":56},"end":{"line":2,"column":57}},"loc":{"start":{"line":2,"column":71},"end":{"line":4,"column":1}},"line":2},"1":{"name":"(anonymous_1)","decl":{"start":{"line":14,"column":16},"end":{"line":14,"column":17}},"loc":{"start":{"line":14,"column":30},"end":{"line":16,"column":1}},"line":14},"2":{"name":"(anonymous_2)","decl":{"start":{"line":17,"column":22},"end":{"line":17,"column":23}},"loc":{"start":{"line":17,"column":36},"end":{"line":19,"column":1}},"line":17},"3":{"name":"(anonymous_3)","decl":{"start":{"line":20,"column":21},"end":{"line":20,"column":22}},"loc":{"start":{"line":20,"column":35},"end":{"line":22,"column":1}},"line":20},"4":{"name":"(anonymous_4)","decl":{"start":{"line":24,"column":24},"end":{"line":24,"column":25}},"loc":{"start":{"line":24,"column":30},"end":{"line":26,"column":5}},"line":24}},"branchMap":{"0":{"loc":{"start":{"line":2,"column":22},"end":{"line":4,"column":1}},"type":"binary-expr","locations":[{"start":{"line":2,"column":23},"end":{"line":2,"column":27}},{"start":{"line":2,"column":31},"end":{"line":2,"column":51}},{"start":{"line":2,"column":56},"end":{"line":4,"column":1}}],"line":2},"1":{"loc":{"start":{"line":3,"column":11},"end":{"line":3,"column":61}},"type":"cond-expr","locations":[{"start":{"line":3,"column":37},"end":{"line":3,"column":40}},{"start":{"line":3,"column":43},"end":{"line":3,"column":61}}],"line":3},"2":{"loc":{"start":{"line":3,"column":12},"end":{"line":3,"column":33}},"type":"binary-expr","locations":[{"start":{"line":3,"column":12},"end":{"line":3,"column":15}},{"start":{"line":3,"column":19},"end":{"line":3,"column":33}}],"line":3},"3":{"loc":{"start":{"line":23,"column":0},"end":{"line":27,"column":1}},"type":"if","locations":[{"start":{"line":23,"column":0},"end":{"line":27,"column":1}},{"start":{},"end":{}}],"line":23}},"s":{"0":1,"1":4,"2":1,"3":1,"4":1,"5":1,"6":1,"7":1,"8":1,"9":1,"10":1,"11":1,"12":1,"13":1,"14":3,"15":1,"16":5,"17":1,"18":0,"19":0,"20":1},"f":{"0":4,"1":1,"2":3,"3":5,"4":0},"b":{"0":[1,1,1],"1":[2,2],"2":[4,4],"3":[0,1]},"inputSourceMap":null,"_coverageSchema":"1a1c01bbd47fc00a2c39e90264f33305004495a9","hash":"ca70111d4b28a68d15facfc357b46089aa6af61d"}
}
