TN:
SF:car-value.ts
FN:6,(anonymous_0)
FN:10,(anonymous_1)
FN:12,(anonymous_2)
FNF:3
FNH:3
FNDA:3,(anonymous_0)
FNDA:13,(anonymous_1)
FNDA:10,(anonymous_2)
DA:6,1
DA:7,3
DA:9,2
DA:10,13
DA:12,10
DA:15,2
DA:19,1
LF:7
LH:7
BRDA:7,0,0,1
BRDA:7,0,1,2
BRDA:10,1,0,13
BRDA:10,1,1,10
BRF:4
BRH:4
end_of_record
TN:
SF:claims-to-risk.ts
FN:3,(anonymous_0)
FNF:1
FNH:1
FNDA:5,(anonymous_0)
DA:3,1
DA:4,5
DA:5,1
DA:8,4
DA:9,1
DA:12,3
DA:13,3
DA:14,3
DA:15,3
DA:16,3
DA:17,3
DA:18,3
DA:20,3
DA:23,1
LF:14
LH:14
BRDA:4,0,0,1
BRDA:4,1,0,5
BRDA:4,1,1,4
BRDA:8,2,0,1
BRF:4
BRH:4
end_of_record
TN:
SF:index.ts
FN:12,(anonymous_1)
FN:16,(anonymous_2)
FN:20,(anonymous_3)
FN:25,(anonymous_4)
FNF:4
FNH:3
FNDA:1,(anonymous_1)
FNDA:3,(anonymous_2)
FNDA:5,(anonymous_3)
FNDA:0,(anonymous_4)
DA:1,1
DA:2,1
DA:3,1
DA:4,1
DA:6,1
DA:8,1
DA:9,1
DA:10,1
DA:12,1
DA:13,1
DA:16,1
DA:17,3
DA:20,1
DA:21,5
DA:24,1
DA:25,0
DA:26,0
DA:31,1
LF:18
LH:16
BRDA:24,0,0,0
BRF:1
BRH:0
end_of_record
TN:
SF:dist\car-value.js
FN:3,(anonymous_0)
FN:9,(anonymous_1)
FN:10,(anonymous_2)
FNF:3
FNH:3
FNDA:3,(anonymous_0)
FNDA:13,(anonymous_1)
FNDA:10,(anonymous_2)
DA:2,1
DA:3,1
DA:4,3
DA:5,1
DA:8,2
DA:9,13
DA:10,10
DA:11,2
DA:14,1
LF:9
LH:9
BRDA:4,0,0,1
BRDA:4,0,1,2
BRDA:9,1,0,13
BRDA:9,1,1,10
BRF:4
BRH:4
end_of_record
TN:
SF:dist\claims-to-risk.js
FN:3,(anonymous_0)
FNF:1
FNH:1
FNDA:5,(anonymous_0)
DA:2,1
DA:3,1
DA:4,5
DA:5,1
DA:7,4
DA:8,1
DA:11,3
DA:12,3
DA:13,3
DA:14,3
DA:15,3
DA:16,3
DA:17,3
DA:18,3
DA:20,1
LF:15
LH:15
BRDA:4,0,0,1
BRDA:4,0,1,4
BRDA:4,1,0,5
BRDA:4,1,1,4
BRDA:7,2,0,1
BRDA:7,2,1,3
BRF:6
BRH:6
end_of_record
TN:
SF:dist\index.js
FN:2,(anonymous_0)
FN:14,(anonymous_1)
FN:17,(anonymous_2)
FN:20,(anonymous_3)
FN:24,(anonymous_4)
FNF:5
FNH:4
FNDA:4,(anonymous_0)
FNDA:1,(anonymous_1)
FNDA:3,(anonymous_2)
FNDA:5,(anonymous_3)
FNDA:0,(anonymous_4)
DA:2,1
DA:3,4
DA:5,1
DA:6,1
DA:7,1
DA:8,1
DA:9,1
DA:10,1
DA:11,1
DA:12,1
DA:13,1
DA:14,1
DA:15,1
DA:17,1
DA:18,3
DA:20,1
DA:21,5
DA:23,1
DA:24,0
DA:25,0
DA:28,1
LF:21
LH:19
BRDA:2,0,0,1
BRDA:2,0,1,1
BRDA:2,0,2,1
BRDA:3,1,0,2
BRDA:3,1,1,2
BRDA:3,2,0,4
BRDA:3,2,1,4
BRDA:23,3,0,0
BRDA:23,3,1,1
BRF:9
BRH:8
end_of_record
